PLAY [Configurar seguranca com medicao automatizada (iptables + fail2ban)] ***

TASK [Gathering Facts] *******************************************************
[WARNING]: Platform linux on host hajaes is using the discovered Python
interpreter at /usr/bin/python3.11, but future installation of another Python
interpreter could change the meaning of that path. See
https://docs.ansible.com/ansible-
core/2.17/reference_appendices/interpreter_discovery.html for more information.
ok: [hajaes]

TASK [Criar diretorio para salvar as metricas] *********************************
ok: [hajaes]

TASK [Marcar horario local de inicio] ******************************************
changed: [hajaes]

TASK [Exibir horario local de inicio] ******************************************
ok: [hajaes] => {
    "msg": "Inicio da configuracao (horario local): 2025-06-11 17:38:17"
}

TASK [Escrever cabecalho inicial no arquivo .perf] *****************************
changed: [hajaes]

TASK [Executar medicao com perf e time] ****************************************
changed: [hajaes]

TASK [Marcar horario local de fim] *********************************************
changed: [hajaes]

TASK [Exibir horario local de fim] *********************************************
ok: [hajaes] => {
    "msg": "Fim da configuracao (horario local): 2025-06-11 17:38:22"
}

TASK [Adicionar linha de final da execucao ao .perf] ***************************
changed: [hajaes]

PLAY RECAP ********************************************************************
hajaes                     : ok=9    changed=5    unreachable=0    failed=0    skipped=0    rescued=0    ignored=0
